populator StandardDemo                                                        
populator StandardDemo: Vorgang erfolgreich beendet                           
Your currency: Estonian kroon (EEK)
Currencies
==========
id |name                                 |partners_by_currency                 
---+-------------------------------------+-------------------------------------
EUR|Euro                                 |4 Partners                           
BEF|Belgian Francs                       |2 Partners                           
USD|US Dollar                            |0 Partners                           
EEK|Estonian kroon                       |0 Partners                           

Votre monnaie: Couronne estonienne (EEK)
Currencies
==========
id |name                                 |partners_by_currency                 
---+-------------------------------------+-------------------------------------
EUR|Euro                                 |4 Partners                           
BEF|Franc belge                          |2 Partners                           
USD|Dollar US                            |0 Partners                           
EEK|Couronne estonienne                  |0 Partners                           
